[debug] [2020-05-16T13:26:26.313Z] ----------------------------------------------------------------------
[debug] [2020-05-16T13:26:26.314Z] Command:       C:\Program Files\nodejs\node.exe C:\Users\owner\AppData\Roaming\npm\node_modules\firebase-tools\lib\bin\firebase.js deploy --only functions
[debug] [2020-05-16T13:26:26.315Z] CLI Version:   8.2.0
[debug] [2020-05-16T13:26:26.315Z] Platform:      win32
[debug] [2020-05-16T13:26:26.315Z] Node Version:  v12.16.2
[debug] [2020-05-16T13:26:26.316Z] Time:          Sat May 16 2020 16:26:26 GMT+0300 (GMT+03:00)
[debug] [2020-05-16T13:26:26.316Z] ----------------------------------------------------------------------
[debug] [2020-05-16T13:26:26.316Z] 
[debug] [2020-05-16T13:26:26.322Z] > command requires scopes: ["email","openid","https://www.googleapis.com/auth/cloudplatformprojects.readonly","https://www.googleapis.com/auth/firebase","https://www.googleapis.com/auth/cloud-platform"]
[debug] [2020-05-16T13:26:26.323Z] > authorizing via signed-in user
[debug] [2020-05-16T13:26:26.323Z] [iam] checking project arrangeme-b5809 for permissions ["cloudfunctions.functions.create","cloudfunctions.functions.delete","cloudfunctions.functions.get","cloudfunctions.functions.list","cloudfunctions.functions.update","cloudfunctions.operations.get","firebase.projects.get"]
[debug] [2020-05-16T13:26:26.325Z] >>> HTTP REQUEST POST https://cloudresourcemanager.googleapis.com/v1/projects/arrangeme-b5809:testIamPermissions  
 {"permissions":["cloudfunctions.functions.create","cloudfunctions.functions.delete","cloudfunctions.functions.get","cloudfunctions.functions.list","cloudfunctions.functions.update","cloudfunctions.operations.get","firebase.projects.get"]}
[debug] [2020-05-16T13:26:27.278Z] <<< HTTP RESPONSE 200 {"content-type":"application/json; charset=UTF-8","vary":"X-Origin, Referer, Origin,Accept-Encoding","date":"Sat, 16 May 2020 13:26:28 GMT","server":"ESF","cache-control":"private","x-xss-protection":"0","x-frame-options":"SAMEORIGIN","x-content-type-options":"nosniff","server-timing":"gfet4t7; dur=730","alt-svc":"h3-27=\":443\"; ma=2592000,h3-25=\":443\"; ma=2592000,h3-T050=\":443\"; ma=2592000,h3-Q050=\":443\"; ma=2592000,h3-Q049=\":443\"; ma=2592000,h3-Q048=\":443\"; ma=2592000,h3-Q046=\":443\"; ma=2592000,h3-Q043=\":443\"; ma=2592000,quic=\":443\"; ma=2592000; v=\"46,43\"","accept-ranges":"none","transfer-encoding":"chunked"}
[debug] [2020-05-16T13:26:27.279Z] >>> HTTP REQUEST POST https://iam.googleapis.com/v1/projects/arrangeme-b5809/serviceAccounts/arrangeme-b5809@appspot.gserviceaccount.com:testIamPermissions  
 {"permissions":["iam.serviceAccounts.actAs"]}
[debug] [2020-05-16T13:26:28.265Z] <<< HTTP RESPONSE 200 {"content-type":"application/json; charset=UTF-8","vary":"X-Origin, Referer, Origin,Accept-Encoding","date":"Sat, 16 May 2020 13:26:29 GMT","server":"ESF","cache-control":"private","x-xss-protection":"0","x-frame-options":"SAMEORIGIN","x-content-type-options":"nosniff","alt-svc":"h3-27=\":443\"; ma=2592000,h3-25=\":443\"; ma=2592000,h3-T050=\":443\"; ma=2592000,h3-Q050=\":443\"; ma=2592000,h3-Q049=\":443\"; ma=2592000,h3-Q048=\":443\"; ma=2592000,h3-Q046=\":443\"; ma=2592000,h3-Q043=\":443\"; ma=2592000,quic=\":443\"; ma=2592000; v=\"46,43\"","accept-ranges":"none","transfer-encoding":"chunked"}
[info] 
[info] === Deploying to 'arrangeme-b5809'...
[info] 
[info] i  deploying functions
[info] Running command: npm --prefix "$RESOURCE_DIR" run lint
[info] +  functions: Finished running predeploy script.
[debug] [2020-05-16T13:26:32.273Z] > [functions] package.json contents: {
  "name": "functions",
  "description": "Cloud Functions for Firebase",
  "scripts": {
    "lint": "eslint .",
    "serve": "firebase emulators:start --only functions",
    "shell": "firebase functions:shell",
    "start": "npm run shell",
    "deploy": "firebase deploy --only functions",
    "logs": "firebase functions:log"
  },
  "engines": {
    "node": "8"
  },
  "dependencies": {
    "firebase": "^7.14.4",
    "firebase-admin": "^8.10.0",
    "firebase-functions": "^3.6.1",
    "node-kmeans": "^1.1.9",
    "skmeans": "^0.11.3"
  },
  "devDependencies": {
    "eslint": "^5.12.0",
    "eslint-plugin-promise": "^4.0.1",
    "firebase-functions-test": "^0.2.0"
  },
  "private": true
}
[info] i  functions: ensuring required API cloudfunctions.googleapis.com is enabled...
[debug] [2020-05-16T13:26:33.680Z] [functions] runtime dependency check dates: warning: 2020-05-21T00:00:00.000Z error: 2020-06-23T00:00:00.000Z
[debug] [2020-05-16T13:26:33.680Z] >>> HTTP REQUEST GET https://serviceusage.googleapis.com/v1/projects/arrangeme-b5809/services/cloudfunctions.googleapis.com  
 
[debug] [2020-05-16T13:26:33.681Z] >>> HTTP REQUEST GET https://serviceusage.googleapis.com/v1/projects/arrangeme-b5809/services/runtimeconfig.googleapis.com  
 
[debug] [2020-05-16T13:26:34.695Z] <<< HTTP RESPONSE 200 {"content-type":"application/json; charset=UTF-8","vary":"X-Origin, Referer, Origin,Accept-Encoding","date":"Sat, 16 May 2020 13:26:35 GMT","server":"ESF","cache-control":"private","x-xss-protection":"0","x-frame-options":"SAMEORIGIN","x-content-type-options":"nosniff","alt-svc":"h3-27=\":443\"; ma=2592000,h3-25=\":443\"; ma=2592000,h3-T050=\":443\"; ma=2592000,h3-Q050=\":443\"; ma=2592000,h3-Q049=\":443\"; ma=2592000,h3-Q048=\":443\"; ma=2592000,h3-Q046=\":443\"; ma=2592000,h3-Q043=\":443\"; ma=2592000,quic=\":443\"; ma=2592000; v=\"46,43\"","accept-ranges":"none","transfer-encoding":"chunked"}
[debug] [2020-05-16T13:26:34.788Z] <<< HTTP RESPONSE 200 {"content-type":"application/json; charset=UTF-8","vary":"X-Origin, Referer, Origin,Accept-Encoding","date":"Sat, 16 May 2020 13:26:35 GMT","server":"ESF","cache-control":"private","x-xss-protection":"0","x-frame-options":"SAMEORIGIN","x-content-type-options":"nosniff","alt-svc":"h3-27=\":443\"; ma=2592000,h3-25=\":443\"; ma=2592000,h3-T050=\":443\"; ma=2592000,h3-Q050=\":443\"; ma=2592000,h3-Q049=\":443\"; ma=2592000,h3-Q048=\":443\"; ma=2592000,h3-Q046=\":443\"; ma=2592000,h3-Q043=\":443\"; ma=2592000,quic=\":443\"; ma=2592000; v=\"46,43\"","accept-ranges":"none","transfer-encoding":"chunked"}
[info] +  functions: required API cloudfunctions.googleapis.com is enabled
[debug] [2020-05-16T13:26:34.789Z] >>> HTTP REQUEST GET https://firebase.googleapis.com/v1beta1/projects/arrangeme-b5809/adminSdkConfig  
 
[debug] [2020-05-16T13:26:35.181Z] <<< HTTP RESPONSE 200 {"content-type":"application/json; charset=UTF-8","vary":"X-Origin, Referer, Origin,Accept-Encoding","date":"Sat, 16 May 2020 13:26:36 GMT","server":"ESF","cache-control":"private","x-xss-protection":"0","x-frame-options":"SAMEORIGIN","x-content-type-options":"nosniff","alt-svc":"h3-27=\":443\"; ma=2592000,h3-25=\":443\"; ma=2592000,h3-T050=\":443\"; ma=2592000,h3-Q050=\":443\"; ma=2592000,h3-Q049=\":443\"; ma=2592000,h3-Q048=\":443\"; ma=2592000,h3-Q046=\":443\"; ma=2592000,h3-Q043=\":443\"; ma=2592000,quic=\":443\"; ma=2592000; v=\"46,43\"","accept-ranges":"none","transfer-encoding":"chunked"}
[info] i  functions: preparing functions directory for uploading...
[debug] [2020-05-16T13:26:35.186Z] >>> HTTP REQUEST GET https://runtimeconfig.googleapis.com/v1beta1/projects/arrangeme-b5809/configs  
 
[debug] [2020-05-16T13:26:36.614Z] <<< HTTP RESPONSE 200 {"content-type":"application/json; charset=UTF-8","vary":"X-Origin, Referer, Origin,Accept-Encoding","date":"Sat, 16 May 2020 13:26:37 GMT","server":"ESF","cache-control":"private","x-xss-protection":"0","x-frame-options":"SAMEORIGIN","x-content-type-options":"nosniff","alt-svc":"h3-27=\":443\"; ma=2592000,h3-25=\":443\"; ma=2592000,h3-T050=\":443\"; ma=2592000,h3-Q050=\":443\"; ma=2592000,h3-Q049=\":443\"; ma=2592000,h3-Q048=\":443\"; ma=2592000,h3-Q046=\":443\"; ma=2592000,h3-Q043=\":443\"; ma=2592000,quic=\":443\"; ma=2592000; v=\"46,43\"","accept-ranges":"none","transfer-encoding":"chunked"}
[info] i  functions: packaged functions (45.19 KB) for uploading
[debug] [2020-05-16T13:26:36.750Z] >>> HTTP REQUEST GET https://cloudfunctions.googleapis.com/v1/projects/arrangeme-b5809/locations/-/functions  
 
[debug] [2020-05-16T13:26:37.334Z] <<< HTTP RESPONSE 200 {"content-type":"application/json; charset=UTF-8","vary":"X-Origin, Referer, Origin,Accept-Encoding","date":"Sat, 16 May 2020 13:26:38 GMT","server":"ESF","cache-control":"private","x-xss-protection":"0","x-frame-options":"SAMEORIGIN","x-content-type-options":"nosniff","alt-svc":"h3-27=\":443\"; ma=2592000,h3-25=\":443\"; ma=2592000,h3-T050=\":443\"; ma=2592000,h3-Q050=\":443\"; ma=2592000,h3-Q049=\":443\"; ma=2592000,h3-Q048=\":443\"; ma=2592000,h3-Q046=\":443\"; ma=2592000,h3-Q043=\":443\"; ma=2592000,quic=\":443\"; ma=2592000; v=\"46,43\"","accept-ranges":"none","transfer-encoding":"chunked"}
[debug] [2020-05-16T13:26:37.343Z] >>> HTTP REQUEST POST https://cloudfunctions.googleapis.com/v1/projects/arrangeme-b5809/locations/us-central1/functions:generateUploadUrl  
 
[debug] [2020-05-16T13:26:38.038Z] <<< HTTP RESPONSE 200 {"content-type":"application/json; charset=UTF-8","vary":"X-Origin, Referer, Origin,Accept-Encoding","date":"Sat, 16 May 2020 13:26:39 GMT","server":"ESF","cache-control":"private","x-xss-protection":"0","x-frame-options":"SAMEORIGIN","x-content-type-options":"nosniff","alt-svc":"h3-27=\":443\"; ma=2592000,h3-25=\":443\"; ma=2592000,h3-T050=\":443\"; ma=2592000,h3-Q050=\":443\"; ma=2592000,h3-Q049=\":443\"; ma=2592000,h3-Q048=\":443\"; ma=2592000,h3-Q046=\":443\"; ma=2592000,h3-Q043=\":443\"; ma=2592000,quic=\":443\"; ma=2592000; v=\"46,43\"","accept-ranges":"none","transfer-encoding":"chunked"}
[debug] [2020-05-16T13:26:38.040Z] >>> HTTP REQUEST PUT https://storage.googleapis.com/gcf-upload-us-central1-29944b56-0586-432e-91b5-676bbb408ce4/98196ffe-80da-43f8-a762-0f8dd9b32393.zip?GoogleAccessId=service-24099753586@gcf-admin-robot.iam.gserviceaccount.com&Expires=1589637399&Signature=EgTlr9qKNp2Ehydtxbqk0p0UoxjtI7LRVz%2FAtxWxfmeG%2B1broFrU79GlbQ%2FBZCEzQrA%2FXR0%2BzBeiUxGb1vykV6l110gwUT50oo3N3q1q1%2BeZW9sX2O4LoyS4B6YErANwoT7vSvSdjob2dmthcYnOgLfaJ1vKSsds7a6AjFMqEZJm%2BF8jZSjztffMRf2SLyqvwtQ2RYfviUQPf7rS1RS6GY9C9%2FgSHfsbI4pzK6MMQo1NlHiQJUN7LOsc4vr5fvmC%2B0kaw9vSA7dNH%2Bw7j6CObOs2XwrFb%2FoHIqZtUoozW0IpcwVmgVviy59akl7G6TWU9nA3USiCpBQ25DaI2beUtw%3D%3D  
 <request body omitted>
[debug] [2020-05-16T13:26:38.697Z] <<< HTTP RESPONSE 200 {"x-guploader-uploadid":"AAANsUlkQsqLbSN2NV29o0WHlCWTgeL0XRaJBR7uy47KcYBw99DD5hDiijgKtGawWXZd_pTKGu16i5IExUzlL6gTDA","etag":"\"d7fdf8f6bd3a03d15582874c8095b947\"","x-goog-generation":"1589635599721566","x-goog-metageneration":"1","x-goog-hash":"crc32c=U9YOKQ==, md5=1/349r06A9FVgodMgJW5Rw==","x-goog-stored-content-length":"46272","x-goog-stored-content-encoding":"identity","vary":"Origin","content-length":"0","date":"Sat, 16 May 2020 13:26:39 GMT","server":"UploadServer","content-type":"text/html; charset=UTF-8","alt-svc":"h3-27=\":443\"; ma=2592000,h3-25=\":443\"; ma=2592000,h3-T050=\":443\"; ma=2592000,h3-Q050=\":443\"; ma=2592000,h3-Q049=\":443\"; ma=2592000,h3-Q048=\":443\"; ma=2592000,h3-Q046=\":443\"; ma=2592000,h3-Q043=\":443\"; ma=2592000,quic=\":443\"; ma=2592000; v=\"46,43\""}
[info] +  functions: functions folder uploaded successfully
[info] i  functions: updating Node.js 8 function initKmeans(us-central1)...
[debug] [2020-05-16T13:26:38.705Z] Trigger is:  {"httpsTrigger":{}}
[info] 
The following functions are found in your project but do not exist in your local source code:
	getAllPersonalityVectors(us-central1)

If you are renaming a function or changing its region, it is recommended that you create the new function first before deleting the old one to prevent event loss. For more info, visit https://firebase.google.com/docs/functions/manage-functions#modify

