#
# There is insufficient memory for the Java Runtime Environment to continue.
# Native memory allocation (malloc) failed to allocate 1165296 bytes for Chunk::new
# Possible reasons:
#   The system is out of physical RAM or swap space
#   The process is running with CompressedOops enabled, and the Java Heap may be blocking the growth of the native heap
# Possible solutions:
#   Reduce memory load on the system
#   Increase physical memory or swap space
#   Check if swap backing store is full
#   Decrease Java heap size (-Xmx/-Xms)
#   Decrease number of Java threads
#   Decrease Java thread stack sizes (-Xss)
#   Set larger code cache with -XX:ReservedCodeCacheSize=
#   JVM is running with Unscaled Compressed Oops mode in which the Java heap is
#     placed in the first 4GB address space. The Java Heap base address is the
#     maximum limit for the native heap growth. Please use -XX:HeapBaseMinAddress
#     to set the Java Heap base and to place the Java Heap above 4GB virtual address.
# This output file may be truncated or incomplete.
#
#  Out of Memory Error (allocation.cpp:389), pid=19512, tid=0x0000000000006758
#
# JRE version: OpenJDK Runtime Environment (8.0_212-b04) (build 1.8.0_212-release-1586-b04)
# Java VM: OpenJDK 64-Bit Server VM (25.212-b04 mixed mode windows-amd64 compressed oops)
# Failed to write core dump. Minidumps are not enabled by default on client versions of Windows
#

---------------  T H R E A D  ---------------

Current thread (0x00000000185d4800):  JavaThread "C2 CompilerThread1" daemon [_thread_in_native, id=26456, stack(0x0000000018fa0000,0x00000000190a0000)]

Stack: [0x0000000018fa0000,0x00000000190a0000]
[error occurred during error reporting (printing stack bounds), id 0xc0000005]

Native frames: (J=compiled Java code, j=interpreted, Vv=VM code, C=native code)


Current CompileTask:
C2:  64831 23074       4       com.android.utils.PositionXmlParser::getPositionHelper (757 bytes)


---------------  P R O C E S S  ---------------

Java Threads: ( => current thread )
  0x000000001b062000 JavaThread "stdout" [_thread_in_native, id=26960, stack(0x0000000029bb0000,0x0000000029cb0000)]
  0x0000000026fbb800 JavaThread "stderr" [_thread_in_native, id=18272, stack(0x0000000029ab0000,0x0000000029bb0000)]
  0x0000000026fc0000 JavaThread "stdout" [_thread_in_native, id=26436, stack(0x0000000035fc0000,0x00000000360c0000)]
  0x0000000026fba800 JavaThread "stderr" [_thread_in_native, id=25876, stack(0x0000000035ec0000,0x0000000035fc0000)]
  0x0000000026fbe800 JavaThread "stdout" [_thread_in_native, id=17488, stack(0x0000000035b90000,0x0000000035c90000)]
  0x0000000026fbd000 JavaThread "stderr" [_thread_in_native, id=3032, stack(0x0000000035490000,0x0000000035590000)]
  0x0000000026fba000 JavaThread "stdout" [_thread_in_native, id=4396, stack(0x000000002b590000,0x000000002b690000)]
  0x0000000026fbe000 JavaThread "stderr" [_thread_in_native, id=20236, stack(0x000000002b320000,0x000000002b420000)]
  0x0000000026fbf800 JavaThread "stdout" [_thread_in_native, id=15232, stack(0x000000002b220000,0x000000002b320000)]
  0x0000000026fbc000 JavaThread "stderr" [_thread_in_native, id=5488, stack(0x000000002b120000,0x000000002b220000)]
  0x0000000030bfb000 JavaThread "stdout" [_thread_in_native, id=26472, stack(0x000000002b020000,0x000000002b120000)]
  0x0000000030bfa000 JavaThread "stderr" [_thread_in_native, id=2520, stack(0x000000002af20000,0x000000002b020000)]
  0x0000000030bf9800 JavaThread "WorkerExecutor Queue Thread 8" [_thread_blocked, id=5584, stack(0x00000000299b0000,0x0000000029ab0000)]
  0x0000000030bf8800 JavaThread "WorkerExecutor Queue Thread 7" [_thread_blocked, id=9080, stack(0x000000002acb0000,0x000000002adb0000)]
  0x0000000030bf7000 JavaThread "stdout" [_thread_in_native, id=26268, stack(0x000000002abb0000,0x000000002acb0000)]
  0x0000000030bef000 JavaThread "stderr" [_thread_in_native, id=14480, stack(0x000000002aab0000,0x000000002abb0000)]
  0x0000000030bf5800 JavaThread "stdout" [_thread_in_native, id=20304, stack(0x000000002a9b0000,0x000000002aab0000)]
  0x0000000030bf5000 JavaThread "stderr" [_thread_in_native, id=18448, stack(0x000000002a8b0000,0x000000002a9b0000)]
  0x0000000030bf1000 JavaThread "pool-7-thread-1" [_thread_blocked, id=12276, stack(0x000000002a7b0000,0x000000002a8b0000)]
  0x0000000030bed800 JavaThread "WorkerExecutor Queue Thread 6" [_thread_blocked, id=25064, stack(0x000000002a550000,0x000000002a650000)]
  0x0000000030bec000 JavaThread "WorkerExecutor Queue Thread 5" [_thread_blocked, id=25280, stack(0x000000002a340000,0x000000002a440000)]
  0x00000000224a4800 JavaThread "WorkerExecutor Queue Thread 4" [_thread_blocked, id=15376, stack(0x000000002a240000,0x000000002a340000)]
  0x000000002249d000 JavaThread "WorkerExecutor Queue Thread 3" [_thread_blocked, id=2268, stack(0x000000002a140000,0x000000002a240000)]
  0x00000000224a2000 JavaThread "WorkerExecutor Queue Thread 2" [_thread_blocked, id=12784, stack(0x000000002a040000,0x000000002a140000)]
  0x00000000224a3800 JavaThread "WorkerExecutor Queue" [_thread_blocked, id=16768, stack(0x0000000029f40000,0x000000002a040000)]
  0x000000002249e800 JavaThread "Cache worker for execution history cache (D:\ArrangeMe\.gradle\5.6.4\executionHistory)" [_thread_blocked, id=17476, stack(0x00000000298b0000,0x00000000299b0000)]
  0x000000002249b800 JavaThread "Execution worker for ':' Thread 7" [_thread_blocked, id=20536, stack(0x00000000297b0000,0x00000000298b0000)]
  0x000000002249c000 JavaThread "Execution worker for ':' Thread 6" [_thread_blocked, id=9060, stack(0x00000000296b0000,0x00000000297b0000)]
  0x00000000224a0800 JavaThread "Execution worker for ':' Thread 5" [_thread_blocked, id=6244, stack(0x00000000295b0000,0x00000000296b0000)]
  0x00000000224a0000 JavaThread "Execution worker for ':' Thread 4" [_thread_blocked, id=20960, stack(0x00000000294b0000,0x00000000295b0000)]
  0x000000001e8b9000 JavaThread "Execution worker for ':' Thread 3" [_thread_blocked, id=428, stack(0x00000000291b0000,0x00000000292b0000)]
  0x000000001e8b8800 JavaThread "Execution worker for ':' Thread 2" [_thread_in_Java, id=16616, stack(0x00000000290b0000,0x00000000291b0000)]
  0x000000001e8b7800 JavaThread "Execution worker for ':'" [_thread_blocked, id=18736, stack(0x0000000028eb0000,0x0000000028fb0000)]
  0x000000001e8b5800 JavaThread "Cache worker for file content cache (D:\ArrangeMe\.gradle\5.6.4\fileContent)" [_thread_blocked, id=24600, stack(0x0000000026dd0000,0x0000000026ed0000)]
  0x000000001e8b7000 JavaThread "Cache worker for Build Output Cleanup Cache (D:\ArrangeMe\.gradle\buildOutputCleanup)" [_thread_blocked, id=26040, stack(0x00000000255f0000,0x00000000256f0000)]
  0x000000001e8b4800 JavaThread "Build operations Thread 8" [_thread_blocked, id=12036, stack(0x00000000235f0000,0x00000000236f0000)]
  0x000000001e8b6000 JavaThread "Build operations Thread 7" [_thread_blocked, id=17428, stack(0x00000000234f0000,0x00000000235f0000)]
  0x000000001e8ab800 JavaThread "Build operations Thread 6" [_thread_blocked, id=26716, stack(0x00000000233f0000,0x00000000234f0000)]
  0x000000001e8b1800 JavaThread "Build operations Thread 5" [_thread_blocked, id=23464, stack(0x00000000232f0000,0x00000000233f0000)]
  0x000000001e8b2800 JavaThread "Build operations Thread 4" [_thread_blocked, id=14844, stack(0x00000000231f0000,0x00000000232f0000)]
  0x000000001e8b0000 JavaThread "Build operations Thread 3" [_thread_blocked, id=11364, stack(0x0000000022ee0000,0x0000000022fe0000)]
  0x000000001e8b1000 JavaThread "Build operations Thread 2" [_thread_blocked, id=9340, stack(0x0000000022de0000,0x0000000022ee0000)]
  0x000000001e8ab000 JavaThread "Build operations" [_thread_blocked, id=5964, stack(0x00000000210d0000,0x00000000211d0000)]
  0x000000001e8af800 JavaThread "Cache worker for cache directory md-rule (C:\Users\owner\.gradle\caches\5.6.4\md-rule)" [_thread_blocked, id=25008, stack(0x0000000020da0000,0x0000000020ea0000)]
  0x000000001e8ad000 JavaThread "Cache worker for cache directory md-supplier (C:\Users\owner\.gradle\caches\5.6.4\md-supplier)" [_thread_blocked, id=1188, stack(0x000000001fb60000,0x000000001fc60000)]
  0x0000000033adf800 JavaThread "Cache worker for file hash cache (D:\ArrangeMe\.gradle\5.6.4\fileHashes)" [_thread_blocked, id=22364, stack(0x000000001f860000,0x000000001f960000)]
  0x0000000033ae6000 JavaThread "Thread-75" [_thread_blocked, id=25868, stack(0x000000001cbc0000,0x000000001ccc0000)]
  0x0000000033ae3000 JavaThread "Stdin handler" [_thread_blocked, id=1480, stack(0x000000001c9c0000,0x000000001cac0000)]
  0x0000000033ae1000 JavaThread "Asynchronous log dispatcher for DefaultDaemonConnection: socket connection from /127.0.0.1:62826 to /127.0.0.1:62964" [_thread_blocked, id=20740, stack(0x000000001c6c0000,0x000000001c7c0000)]
  0x0000000033ae4000 JavaThread "Cancel handler" [_thread_blocked, id=4324, stack(0x0000000000d10000,0x0000000000e10000)]
  0x0000000033ae4800 JavaThread "Handler for socket connection from /127.0.0.1:62826 to /127.0.0.1:62964" [_thread_in_native, id=26680, stack(0x0000000000b10000,0x0000000000c10000)]
  0x0000000030bef800 JavaThread "ForkJoinPool.commonPool-worker-7" daemon [_thread_blocked, id=26776, stack(0x00000000351b0000,0x00000000352b0000)]
  0x0000000030bf6800 JavaThread "ForkJoinPool.commonPool-worker-6" daemon [_thread_blocked, id=20540, stack(0x0000000034a60000,0x0000000034b60000)]
  0x0000000030bf0800 JavaThread "ForkJoinPool.commonPool-worker-4" daemon [_thread_blocked, id=13976, stack(0x000000002a6b0000,0x000000002a7b0000)]
  0x0000000021edd000 JavaThread "Cache worker for Java compile cache (C:\Users\owner\.gradle\caches\5.6.4\javaCompile)" [_thread_blocked, id=11008, stack(0x0000000035390000,0x0000000035490000)]
  0x00000000224aa800 JavaThread "RMI TCP Connection(idle)" daemon [_thread_blocked, id=8428, stack(0x0000000034db0000,0x0000000034eb0000)]
  0x00000000224a9800 JavaThread "RMI Reaper" [_thread_blocked, id=20064, stack(0x0000000034cb0000,0x0000000034db0000)]
  0x00000000224a9000 JavaThread "RMI TCP Accept-0" daemon [_thread_in_native, id=6196, stack(0x0000000034960000,0x0000000034a60000)]
  0x00000000224a8000 JavaThread "GC Daemon" daemon [_thread_blocked, id=11436, stack(0x0000000034bb0000,0x0000000034cb0000)]
  0x00000000224a7800 JavaThread "RMI Scheduler(0)" daemon [_thread_blocked, id=23420, stack(0x000000002b490000,0x000000002b590000)]
  0x000000001b062800 JavaThread "Cache worker for file content cache (C:\Users\owner\.gradle\caches\5.6.4\fileContent)" [_thread_blocked, id=3160, stack(0x0000000028fb0000,0x00000000290b0000)]
  0x000000001e8ac800 JavaThread "Memory manager" [_thread_blocked, id=19568, stack(0x0000000022820000,0x0000000022920000)]
  0x000000001b06c800 JavaThread "Cache worker for execution history cache (C:\Users\owner\.gradle\caches\5.6.4\executionHistory)" [_thread_blocked, id=19020, stack(0x0000000020ca0000,0x0000000020da0000)]
  0x000000001b064800 JavaThread "Cache worker for journal cache (C:\Users\owner\.gradle\caches\journal-1)" [_thread_blocked, id=12432, stack(0x000000001d3c0000,0x000000001d4c0000)]
  0x000000001b063800 JavaThread "File lock request listener" [_thread_in_native, id=21104, stack(0x000000001d2c0000,0x000000001d3c0000)]
  0x000000001b066000 JavaThread "Cache worker for file hash cache (C:\Users\owner\.gradle\caches\5.6.4\fileHashes)" [_thread_blocked, id=27472, stack(0x000000001cfc0000,0x000000001d0c0000)]
  0x0000000018624000 JavaThread "Daemon worker" [_thread_blocked, id=23712, stack(0x000000001cac0000,0x000000001cbc0000)]
  0x0000000018620800 JavaThread "Daemon" [_thread_blocked, id=11844, stack(0x000000001c5c0000,0x000000001c6c0000)]
  0x000000001861f800 JavaThread "Daemon periodic checks" [_thread_blocked, id=13084, stack(0x000000001c4c0000,0x000000001c5c0000)]
  0x000000001861f000 JavaThread "Incoming local TCP Connector on port 62826" [_thread_in_native, id=14104, stack(0x000000001c280000,0x000000001c380000)]
  0x000000001861d800 JavaThread "Daemon health stats" [_thread_blocked, id=8328, stack(0x000000001bc40000,0x000000001bd40000)]
  0x00000000185d8800 JavaThread "Service Thread" daemon [_thread_blocked, id=10656, stack(0x00000000192a0000,0x00000000193a0000)]
  0x000000001861e000 JavaThread "C1 CompilerThread3" daemon [_thread_blocked, id=7028, stack(0x00000000191a0000,0x00000000192a0000)]
  0x0000000018622800 JavaThread "C2 CompilerThread2" daemon [_thread_in_native, id=19376, stack(0x00000000190a0000,0x00000000191a0000)]
=>0x00000000185d4800 JavaThread "C2 CompilerThread1" daemon [_thread_in_native, id=26456, stack(0x0000000018fa0000,0x00000000190a0000)]
  0x00000000185ce800 JavaThread "C2 CompilerThread0" daemon [_thread_in_native, id=22892, stack(0x0000000018ea0000,0x0000000018fa0000)]
  0x00000000185cd000 JavaThread "Attach Listener" daemon [_thread_blocked, id=4444, stack(0x0000000018da0000,0x0000000018ea0000)]
  0x000000001861c800 JavaThread "Signal Dispatcher" daemon [_thread_blocked, id=14912, stack(0x0000000018ca0000,0x0000000018da0000)]
  0x00000000029f9800 JavaThread "Finalizer" daemon [_thread_blocked, id=6132, stack(0x0000000018aa0000,0x0000000018ba0000)]
  0x00000000029f6000 JavaThread "Reference Handler" daemon [_thread_blocked, id=17372, stack(0x00000000189a0000,0x0000000018aa0000)]
  0x00000000027fe000 JavaThread "main" [_thread_blocked, id=13836, stack(0x0000000002800000,0x0000000002900000)]

Other Threads:
  0x00000000167b8800 VMThread [stack: 0x00000000184a0000,0x00000000185a0000] [id=21472]
  0x0000000018648000 WatcherThread [stack: 0x00000000193a0000,0x00000000194a0000] [id=17908]

VM state:not at safepoint (normal execution)

VM Mutex/Monitor currently owned by a thread: None

heap address: 0x00000000a0000000, size: 1536 MB, Compressed Oops mode: 32-bit
Narrow klass base: 0x0000000000000000, Narrow klass shift: 3
Compressed class space size: 1073741824 Address: 0x0000000100000000

Heap:
 PSYoungGen      total 414208K, used 307030K [0x00000000e0000000, 0x0000000100000000, 0x0000000100000000)
  eden space 316416K, 81% used [0x00000000e0000000,0x00000000efbdd5e8,0x00000000f3500000)
  from space 97792K, 50% used [0x00000000f3500000,0x00000000f64f85c0,0x00000000f9480000)
  to   space 96768K, 0% used [0x00000000fa180000,0x00000000fa180000,0x0000000100000000)
 ParOldGen       total 643072K, used 275808K [0x00000000a0000000, 0x00000000c7400000, 0x00000000e0000000)
  object space 643072K, 42% used [0x00000000a0000000,0x00000000b0d58060,0x00000000c7400000)
 Metaspace       used 106682K, capacity 111666K, committed 111912K, reserved 1146880K
  class space    used 13829K, capacity 14813K, committed 14888K, reserved 1048576K

Card table byte_map: [0x0000000011dc0000,0x00000000120d0000] byte_map_base: 0x00000000118c0000

Marking Bits: (ParMarkBitMap*) 0x0000000076259f30
 Begin Bits: [0x0000000012ad0000, 0x00000000142d0000)
 End Bits:   [0x00000000142d0000, 0x0000000015ad0000)

Polling page: 0x0000000000ea0000

CodeCache: size=245760Kb used=62295Kb max_used=62295Kb free=183464Kb
 bounds [0x0000000002a00000, 0x0000000006730000, 0x0000000011a00000]
 total_blobs=19024 nmethods=18058 adapters=875
 compilation: enabled

Compilation events (10 events):
Event: 64.824 Thread 0x000000001861e000 nmethod 23117 0x00000000066e2a50 code [0x00000000066e2bc0, 0x00000000066e2e28]
Event: 64.824 Thread 0x000000001861e000 23118       3       com.android.manifmerger.AttributeModel$MergingPolicy::canMergeWithLowerPriority (13 bytes)
Event: 64.824 Thread 0x000000001861e000 nmethod 23118 0x00000000066e2390 code [0x00000000066e2520, 0x00000000066e28c8]
Event: 64.825 Thread 0x000000001861e000 23120       2       com.android.manifmerger.OtherOperationType::valueOf (10 bytes)
Event: 64.825 Thread 0x000000001861e000 nmethod 23120 0x0000000004e910d0 code [0x0000000004e91240, 0x0000000004e913c8]
Event: 64.827 Thread 0x000000001861e000 23121       2       com.android.manifmerger.ManifestModel$NoKeyNodeResolver::getKeyAttributesNames (4 bytes)
Event: 64.827 Thread 0x000000001861e000 nmethod 23121 0x00000000066e2050 code [0x00000000066e21a0, 0x00000000066e22f0]
Event: 64.829 Thread 0x000000001861e000 23123       2       com.android.manifmerger.AttributeModel$3::merge (2 bytes)
Event: 64.829 Thread 0x000000001861e000 nmethod 23123 0x00000000066e1d10 code [0x00000000066e1e60, 0x00000000066e1fb0]
Event: 64.829 Thread 0x000000001861e000 23124       2       com.android.manifmerger.XmlAttribute::handleBothAttributePresent (173 bytes)

GC Heap History (10 events):
Event: 36.563 GC heap before
{Heap before GC invocations=26 (full 4):
 PSYoungGen      total 414208K, used 354761K [0x00000000e0000000, 0x0000000100000000, 0x0000000100000000)
  eden space 304128K, 100% used [0x00000000e0000000,0x00000000f2900000,0x00000000f2900000)
  from space 110080K, 45% used [0x00000000f2900000,0x00000000f5a72480,0x00000000f9480000)
  to   space 107008K, 0% used [0x00000000f9780000,0x00000000f9780000,0x0000000100000000)
 ParOldGen       total 364544K, used 288795K [0x00000000a0000000, 0x00000000b6400000, 0x00000000e0000000)
  object space 364544K, 79% used [0x00000000a0000000,0x00000000b1a06d38,0x00000000b6400000)
 Metaspace       used 104700K, capacity 109826K, committed 109864K, reserved 1144832K
  class space    used 13629K, capacity 14627K, committed 14632K, reserved 1048576K
Event: 36.596 GC heap after
Heap after GC invocations=26 (full 4):
 PSYoungGen      total 409088K, used 9196K [0x00000000e0000000, 0x00000000ffb00000, 0x0000000100000000)
  eden space 307200K, 0% used [0x00000000e0000000,0x00000000e0000000,0x00000000f2c00000)
  from space 101888K, 9% used [0x00000000f9780000,0x00000000fa07b1a0,0x00000000ffb00000)
  to   space 105984K, 0% used [0x00000000f2c00000,0x00000000f2c00000,0x00000000f9380000)
 ParOldGen       total 364544K, used 334841K [0x00000000a0000000, 0x00000000b6400000, 0x00000000e0000000)
  object space 364544K, 91% used [0x00000000a0000000,0x00000000b46fe5d8,0x00000000b6400000)
 Metaspace       used 104700K, capacity 109826K, committed 109864K, reserved 1144832K
  class space    used 13629K, capacity 14627K, committed 14632K, reserved 1048576K
}
Event: 36.596 GC heap before
{Heap before GC invocations=27 (full 5):
 PSYoungGen      total 409088K, used 9196K [0x00000000e0000000, 0x00000000ffb00000, 0x0000000100000000)
  eden space 307200K, 0% used [0x00000000e0000000,0x00000000e0000000,0x00000000f2c00000)
  from space 101888K, 9% used [0x00000000f9780000,0x00000000fa07b1a0,0x00000000ffb00000)
  to   space 105984K, 0% used [0x00000000f2c00000,0x00000000f2c00000,0x00000000f9380000)
 ParOldGen       total 364544K, used 334841K [0x00000000a0000000, 0x00000000b6400000, 0x00000000e0000000)
  object space 364544K, 91% used [0x00000000a0000000,0x00000000b46fe5d8,0x00000000b6400000)
 Metaspace       used 104700K, capacity 109826K, committed 109864K, reserved 1144832K
  class space    used 13629K, capacity 14627K, committed 14632K, reserved 1048576K
Event: 37.156 GC heap after
Heap after GC invocations=27 (full 5):
 PSYoungGen      total 409088K, used 0K [0x00000000e0000000, 0x00000000ffb00000, 0x0000000100000000)
  eden space 307200K, 0% used [0x00000000e0000000,0x00000000e0000000,0x00000000f2c00000)
  from space 101888K, 0% used [0x00000000f9780000,0x00000000f9780000,0x00000000ffb00000)
  to   space 105984K, 0% used [0x00000000f2c00000,0x00000000f2c00000,0x00000000f9380000)
 ParOldGen       total 643072K, used 275792K [0x00000000a0000000, 0x00000000c7400000, 0x00000000e0000000)
  object space 643072K, 42% used [0x00000000a0000000,0x00000000b0d54060,0x00000000c7400000)
 Metaspace       used 104433K, capacity 109186K, committed 109864K, reserved 1144832K
  class space    used 13536K, capacity 14461K, committed 14632K, reserved 1048576K
}
Event: 37.781 GC heap before
{Heap before GC invocations=28 (full 5):
 PSYoungGen      total 409088K, used 307200K [0x00000000e0000000, 0x00000000ffb00000, 0x0000000100000000)
  eden space 307200K, 100% used [0x00000000e0000000,0x00000000f2c00000,0x00000000f2c00000)
  from space 101888K, 0% used [0x00000000f9780000,0x00000000f9780000,0x00000000ffb00000)
  to   space 105984K, 0% used [0x00000000f2c00000,0x00000000f2c00000,0x00000000f9380000)
 ParOldGen       total 643072K, used 275792K [0x00000000a0000000, 0x00000000c7400000, 0x00000000e0000000)
  object space 643072K, 42% used [0x00000000a0000000,0x00000000b0d54060,0x00000000c7400000)
 Metaspace       used 104492K, capacity 109254K, committed 109992K, reserved 1144832K
  class space    used 13549K, capacity 14501K, committed 14760K, reserved 1048576K
Event: 37.787 GC heap after
Heap after GC invocations=28 (full 5):
 PSYoungGen      total 413184K, used 18893K [0x00000000e0000000, 0x00000000ffc00000, 0x0000000100000000)
  eden space 307200K, 0% used [0x00000000e0000000,0x00000000e0000000,0x00000000f2c00000)
  from space 105984K, 17% used [0x00000000f2c00000,0x00000000f3e734d0,0x00000000f9380000)
  to   space 101888K, 0% used [0x00000000f9880000,0x00000000f9880000,0x00000000ffc00000)
 ParOldGen       total 643072K, used 275800K [0x00000000a0000000, 0x00000000c7400000, 0x00000000e0000000)
  object space 643072K, 42% used [0x00000000a0000000,0x00000000b0d56060,0x00000000c7400000)
 Metaspace       used 104492K, capacity 109254K, committed 109992K, reserved 1144832K
  class space    used 13549K, capacity 14501K, committed 14760K, reserved 1048576K
}
Event: 38.603 GC heap before
{Heap before GC invocations=29 (full 5):
 PSYoungGen      total 413184K, used 321688K [0x00000000e0000000, 0x00000000ffc00000, 0x0000000100000000)
  eden space 307200K, 98% used [0x00000000e0000000,0x00000000f27b2f08,0x00000000f2c00000)
  from space 105984K, 17% used [0x00000000f2c00000,0x00000000f3e734d0,0x00000000f9380000)
  to   space 101888K, 0% used [0x00000000f9880000,0x00000000f9880000,0x00000000ffc00000)
 ParOldGen       total 643072K, used 275800K [0x00000000a0000000, 0x00000000c7400000, 0x00000000e0000000)
  object space 643072K, 42% used [0x00000000a0000000,0x00000000b0d56060,0x00000000c7400000)
 Metaspace       used 105137K, capacity 109974K, committed 110504K, reserved 1144832K
  class space    used 13633K, capacity 14613K, committed 14760K, reserved 1048576K
Event: 38.615 GC heap after
Heap after GC invocations=29 (full 5):
 PSYoungGen      total 410112K, used 21972K [0x00000000e0000000, 0x00000000ff400000, 0x0000000100000000)
  eden space 316416K, 0% used [0x00000000e0000000,0x00000000e0000000,0x00000000f3500000)
  from space 93696K, 23% used [0x00000000f9880000,0x00000000fadf52a8,0x00000000ff400000)
  to   space 97792K, 0% used [0x00000000f3500000,0x00000000f3500000,0x00000000f9480000)
 ParOldGen       total 643072K, used 275800K [0x00000000a0000000, 0x00000000c7400000, 0x00000000e0000000)
  object space 643072K, 42% used [0x00000000a0000000,0x00000000b0d56060,0x00000000c7400000)
 Metaspace       used 105137K, capacity 109974K, committed 110504K, reserved 1144832K
  class space    used 13633K, capacity 14613K, committed 14760K, reserved 1048576K
}
Event: 63.437 GC heap before
{Heap before GC invocations=30 (full 5):
 PSYoungGen      total 410112K, used 338388K [0x00000000e0000000, 0x00000000ff400000, 0x0000000100000000)
  eden space 316416K, 100% used [0x00000000e0000000,0x00000000f3500000,0x00000000f3500000)
  from space 93696K, 23% used [0x00000000f9880000,0x00000000fadf52a8,0x00000000ff400000)
  to   space 97792K, 0% used [0x00000000f3500000,0x00000000f3500000,0x00000000f9480000)
 ParOldGen       total 643072K, used 275800K [0x00000000a0000000, 0x00000000c7400000, 0x00000000e0000000)
  object space 643072K, 42% used [0x00000000a0000000,0x00000000b0d56060,0x00000000c7400000)
 Metaspace       used 106559K, capacity 111526K, committed 111656K, reserved 1146880K
  class space    used 13826K, capacity 14811K, committed 14888K, reserved 1048576K
Event: 63.457 GC heap after
Heap after GC invocations=30 (full 5):
 PSYoungGen      total 414208K, used 49121K [0x00000000e0000000, 0x0000000100000000, 0x0000000100000000)
  eden space 316416K, 0% used [0x00000000e0000000,0x00000000e0000000,0x00000000f3500000)
  from space 97792K, 50% used [0x00000000f3500000,0x00000000f64f85c0,0x00000000f9480000)
  to   space 96768K, 0% used [0x00000000fa180000,0x00000000fa180000,0x0000000100000000)
 ParOldGen       total 643072K, used 275808K [0x00000000a0000000, 0x00000000c7400000, 0x00000000e0000000)
  object space 643072K, 42% used [0x00000000a0000000,0x00000000b0d58060,0x00000000c7400000)
 Metaspace       used 106559K, capacity 111526K, committed 111656K, reserved 1146880K
  class space    used 13826K, capacity 14811K, committed 14888K, reserved 1048576K
}

Deoptimization events (10 events):
Event: 64.717 Thread 0x000000001e8b8800 Uncommon trap: reason=null_check action=make_not_entrant pc=0x0000000005225f1c method=com.android.manifmerger.XmlElement.<init>(Lorg/w3c/dom/Element;Lcom/android/manifmerger/XmlDocument;)V @ 86
Event: 64.718 Thread 0x000000001e8b8800 Uncommon trap: reason=unstable_if action=reinterpret pc=0x00000000051642f4 method=com.android.manifmerger.XmlAttribute.<init>(Lcom/android/manifmerger/XmlElement;Lorg/w3c/dom/Attr;Lcom/android/manifmerger/AttributeModel;)V @ 112
Event: 64.803 Thread 0x000000001e8b8800 Uncommon trap: reason=class_check action=maybe_recompile pc=0x00000000051a9d18 method=com.android.manifmerger.OrphanXmlElement.<init>(Lorg/w3c/dom/Element;Lcom/android/manifmerger/DocumentModel;)V @ 9
Event: 64.803 Thread 0x000000001e8b8800 Uncommon trap: reason=speculate_class_check action=maybe_recompile pc=0x0000000003e5dc00 method=com.sun.org.apache.xerces.internal.dom.ElementImpl.getNodeName()Ljava/lang/String; @ 8
Event: 64.803 Thread 0x000000001e8b8800 Uncommon trap: reason=class_check action=maybe_recompile pc=0x00000000051a9d18 method=com.android.manifmerger.OrphanXmlElement.<init>(Lorg/w3c/dom/Element;Lcom/android/manifmerger/DocumentModel;)V @ 9
Event: 64.803 Thread 0x000000001e8b8800 Uncommon trap: reason=class_check action=maybe_recompile pc=0x00000000051a9d18 method=com.android.manifmerger.OrphanXmlElement.<init>(Lorg/w3c/dom/Element;Lcom/android/manifmerger/DocumentModel;)V @ 9
Event: 64.804 Thread 0x000000001e8b8800 Uncommon trap: reason=class_check action=maybe_recompile pc=0x00000000051a9d18 method=com.android.manifmerger.OrphanXmlElement.<init>(Lorg/w3c/dom/Element;Lcom/android/manifmerger/DocumentModel;)V @ 9
Event: 64.806 Thread 0x000000001e8b8800 Uncommon trap: reason=unstable_if action=reinterpret pc=0x0000000006418dd0 method=com.sun.org.apache.xerces.internal.dom.ParentNode.internalInsertBefore(Lorg/w3c/dom/Node;Lorg/w3c/dom/Node;Z)Lorg/w3c/dom/Node; @ 242
Event: 64.811 Thread 0x000000001e8b8800 Uncommon trap: reason=bimorphic action=maybe_recompile pc=0x00000000052f0614 method=com.google.common.collect.ImmutableList$1.get(I)Ljava/lang/Object; @ 5
Event: 64.811 Thread 0x000000001e8b8800 Uncommon trap: reason=bimorphic action=maybe_recompile pc=0x00000000052f0614 method=com.google.common.collect.ImmutableList$1.get(I)Ljava/lang/Object; @ 5

Classes redefined (0 events):
No events

Internal exceptions (10 events):
Event: 38.550 Thread 0x0000000018621000 Exception <a 'java/lang/NoSuchMethodError': <clinit>> (0x00000000f0d9d320) thrown at [D:\src\AOSP-openjdk-cygwin\jdk8u\hotspot\src\share\vm\prims\jni.cpp, line 1614]
Event: 38.551 Thread 0x0000000018621000 Exception <a 'java/lang/NoSuchMethodError': <clinit>> (0x00000000f0db8a40) thrown at [D:\src\AOSP-openjdk-cygwin\jdk8u\hotspot\src\share\vm\prims\jni.cpp, line 1614]
Event: 38.595 Thread 0x0000000030bf8800 Exception <a 'sun/nio/fs/WindowsException'> (0x00000000f16cf0d8) thrown at [D:\src\AOSP-openjdk-cygwin\jdk8u\hotspot\src\share\vm\prims\jni.cpp, line 710]
Event: 38.595 Thread 0x0000000030bf8800 Exception <a 'sun/nio/fs/WindowsException'> (0x00000000f16cf580) thrown at [D:\src\AOSP-openjdk-cygwin\jdk8u\hotspot\src\share\vm\prims\jni.cpp, line 710]
Event: 38.601 Thread 0x0000000030bf8800 Exception <a 'java/lang/NoSuchMethodError': java.lang.Object.lambda$static$0(Lcom/android/apksig/util/RunnablesProvider;)V> (0x00000000f173e5d8) thrown at [D:\src\AOSP-openjdk-cygwin\jdk8u\hotspot\src\share\vm\interpreter\linkResolver.cpp, line 620]
Event: 39.103 Thread 0x0000000018624000 Exception <a 'sun/nio/fs/WindowsException'> (0x00000000e33dfae0) thrown at [D:\src\AOSP-openjdk-cygwin\jdk8u\hotspot\src\share\vm\prims\jni.cpp, line 710]
Event: 39.187 Thread 0x0000000018620800 Implicit null exception at 0x0000000003012c27 to 0x00000000030130d5
Event: 60.794 Thread 0x0000000033ae4800 Exception <a 'java/lang/NoSuchMethodError': <clinit>> (0x00000000e4472c58) thrown at [D:\src\AOSP-openjdk-cygwin\jdk8u\hotspot\src\share\vm\prims\jni.cpp, line 1614]
Event: 62.987 Thread 0x00000000224a0800 Exception <a 'sun/nio/fs/WindowsException'> (0x00000000edff5348) thrown at [D:\src\AOSP-openjdk-cygwin\jdk8u\hotspot\src\share\vm\prims\jni.cpp, line 710]
Event: 63.019 Thread 0x000000001e8b7800 Exception <a 'java/lang/NoSuchMethodError': java.lang.Object.lambda$codePoints$1()Ljava/util/Spliterator$OfInt;> (0x00000000eebe3918) thrown at [D:\src\AOSP-openjdk-cygwin\jdk8u\hotspot\src\share\vm\interpreter\linkResolver.cpp, line 620]

Events (10 events):
Event: 64.804 Thread 0x000000001e8b8800 DEOPT UNPACKING pc=0x0000000002a4557b sp=0x00000000291ab428 mode 2
Event: 64.806 Thread 0x000000001e8b8800 Uncommon trap: trap_request=0xffffff65 fr.pc=0x0000000006418dd0
Event: 64.806 Thread 0x000000001e8b8800 DEOPT PACKING pc=0x0000000006418dd0 sp=0x00000000291ab320
Event: 64.806 Thread 0x000000001e8b8800 DEOPT UNPACKING pc=0x0000000002a4557b sp=0x00000000291ab2b0 mode 2
Event: 64.811 Thread 0x000000001e8b8800 Uncommon trap: trap_request=0xffffffc6 fr.pc=0x00000000052f0614
Event: 64.811 Thread 0x000000001e8b8800 DEOPT PACKING pc=0x00000000052f0614 sp=0x00000000291ab560
Event: 64.811 Thread 0x000000001e8b8800 DEOPT UNPACKING pc=0x0000000002a4557b sp=0x00000000291ab4f0 mode 2
Event: 64.811 Thread 0x000000001e8b8800 Uncommon trap: trap_request=0xffffffc6 fr.pc=0x00000000052f0614
Event: 64.811 Thread 0x000000001e8b8800 DEOPT PACKING pc=0x00000000052f0614 sp=0x00000000291ab560
Event: 64.811 Thread 0x000000001e8b8800 DEOPT UNPACKING pc=0x0000000002a4557b sp=0x00000000291ab4f0 mode 2


Dynamic libraries:
0x00007ff768b40000 - 0x00007ff768b71000 	D:\Android\jre\bin\java.exe
0x00007fffaa620000 - 0x00007fffaa810000 	C:\WINDOWS\SYSTEM32\ntdll.dll
0x00007fffaa4c0000 - 0x00007fffaa572000 	C:\WINDOWS\System32\KERNEL32.DLL
0x00007fffa82f0000 - 0x00007fffa8593000 	C:\WINDOWS\System32\KERNELBASE.dll
0x00007fffaa260000 - 0x00007fffaa303000 	C:\WINDOWS\System32\ADVAPI32.dll
0x00007fffaa190000 - 0x00007fffaa22e000 	C:\WINDOWS\System32\msvcrt.dll
0x00007fffa9a70000 - 0x00007fffa9b07000 	C:\WINDOWS\System32\sechost.dll
0x00007fffaa070000 - 0x00007fffaa190000 	C:\WINDOWS\System32\RPCRT4.dll
0x00007fffa86d0000 - 0x00007fffa8864000 	C:\WINDOWS\System32\USER32.dll
0x00007fffa85c0000 - 0x00007fffa85e1000 	C:\WINDOWS\System32\win32u.dll
0x00007fffa95b0000 - 0x00007fffa95d6000 	C:\WINDOWS\System32\GDI32.dll
0x00007fffa79d0000 - 0x00007fffa7b64000 	C:\WINDOWS\System32\gdi32full.dll
0x00007fffa7930000 - 0x00007fffa79ce000 	C:\WINDOWS\System32\msvcp_win.dll
0x00007fffa77e0000 - 0x00007fffa78da000 	C:\WINDOWS\System32\ucrtbase.dll
0x00007fff9e440000 - 0x00007fff9e6c5000 	C:\WINDOWS\WinSxS\amd64_microsoft.windows.common-controls_6595b64144ccf1df_6.0.18362.778_none_e6c6b761130d4fb8\COMCTL32.dll
0x00007fffa95e0000 - 0x00007fffa9916000 	C:\WINDOWS\System32\combase.dll
0x00007fffa7760000 - 0x00007fffa77e0000 	C:\WINDOWS\System32\bcryptPrimitives.dll
0x00007fffa9990000 - 0x00007fffa99be000 	C:\WINDOWS\System32\IMM32.DLL
0x0000000076910000 - 0x00000000769e2000 	D:\Android\jre\jre\bin\msvcr100.dll
0x0000000075a90000 - 0x00000000762d6000 	D:\Android\jre\jre\bin\server\jvm.dll
0x00007fffaa250000 - 0x00007fffaa258000 	C:\WINDOWS\System32\PSAPI.DLL
0x00007fff9aa70000 - 0x00007fff9aa94000 	C:\WINDOWS\SYSTEM32\WINMM.dll
0x00007fffa08f0000 - 0x00007fffa08fa000 	C:\WINDOWS\SYSTEM32\VERSION.dll
0x00007fff9a400000 - 0x00007fff9a42d000 	C:\WINDOWS\SYSTEM32\WINMMBASE.dll
0x00007fffa78e0000 - 0x00007fffa792a000 	C:\WINDOWS\System32\cfgmgr32.dll
0x00007fff8c530000 - 0x00007fff8c539000 	C:\WINDOWS\SYSTEM32\WSOCK32.dll
0x00007fffaa000000 - 0x00007fffaa06f000 	C:\WINDOWS\System32\WS2_32.dll
0x00007fffa3510000 - 0x00007fffa351f000 	D:\Android\jre\jre\bin\verify.dll
0x00007fffa34e0000 - 0x00007fffa3509000 	D:\Android\jre\jre\bin\java.dll
0x00007fffa3410000 - 0x00007fffa3426000 	D:\Android\jre\jre\bin\zip.dll
0x00007fffa8de0000 - 0x00007fffa94c5000 	C:\WINDOWS\System32\SHELL32.dll
0x00007fffa9da0000 - 0x00007fffa9e49000 	C:\WINDOWS\System32\shcore.dll
0x00007fffa7b70000 - 0x00007fffa82f0000 	C:\WINDOWS\System32\windows.storage.dll
0x00007fffa7530000 - 0x00007fffa7553000 	C:\WINDOWS\System32\profapi.dll
0x00007fffa7560000 - 0x00007fffa75aa000 	C:\WINDOWS\System32\powrprof.dll
0x00007fffa74e0000 - 0x00007fffa74f0000 	C:\WINDOWS\System32\UMPDC.dll
0x00007fffa9be0000 - 0x00007fffa9c32000 	C:\WINDOWS\System32\shlwapi.dll
0x00007fffa74f0000 - 0x00007fffa7501000 	C:\WINDOWS\System32\kernel.appcore.dll
0x00007fffa85a0000 - 0x00007fffa85b7000 	C:\WINDOWS\System32\cryptsp.dll
0x00007fffa1f70000 - 0x00007fffa1f8a000 	D:\Android\jre\jre\bin\net.dll
0x00007fff9b5e0000 - 0x00007fff9b7b5000 	C:\WINDOWS\SYSTEM32\urlmon.dll
0x00007fff9e6d0000 - 0x00007fff9e976000 	C:\WINDOWS\SYSTEM32\iertutil.dll
0x00007fffa6f20000 - 0x00007fffa6f2c000 	C:\WINDOWS\SYSTEM32\CRYPTBASE.DLL
0x00007fffa6d50000 - 0x00007fffa6db7000 	C:\WINDOWS\system32\mswsock.dll
0x00007fffa1de0000 - 0x00007fffa1df3000 	D:\Android\jre\jre\bin\nio.dll
0x00007fff9d350000 - 0x00007fff9d376000 	C:\Users\owner\.gradle\native\30\windows-amd64\native-platform.dll
0x00007fffa1f60000 - 0x00007fffa1f6d000 	D:\Android\jre\jre\bin\management.dll
0x00007fffa6860000 - 0x00007fffa6893000 	C:\WINDOWS\system32\rsaenh.dll
0x00007fffa85f0000 - 0x00007fffa8616000 	C:\WINDOWS\System32\bcrypt.dll
0x00007fffa73d0000 - 0x00007fffa73f5000 	C:\WINDOWS\SYSTEM32\USERENV.dll
0x00007fffa6a60000 - 0x00007fffa6a9a000 	C:\WINDOWS\SYSTEM32\IPHLPAPI.DLL
0x00007fffa94d0000 - 0x00007fffa94d8000 	C:\WINDOWS\System32\NSI.dll
0x00007fffa11a0000 - 0x00007fffa11b6000 	C:\WINDOWS\SYSTEM32\dhcpcsvc6.DLL
0x00007fffa1be0000 - 0x00007fffa1bfc000 	C:\WINDOWS\SYSTEM32\dhcpcsvc.DLL
0x00007fffa6aa0000 - 0x00007fffa6b6a000 	C:\WINDOWS\SYSTEM32\DNSAPI.dll
0x00007fffa18e0000 - 0x00007fffa1904000 	D:\Android\jre\jre\bin\sunec.dll
0x00007fff8be20000 - 0x00007fff8be2a000 	C:\Windows\System32\rasadhlp.dll
0x00007fffa0fc0000 - 0x00007fffa1037000 	C:\WINDOWS\System32\fwpuclnt.dll
0x00007fffa1820000 - 0x00007fffa182b000 	D:\Android\jre\jre\bin\sunmscapi.dll
0x00007fffa7610000 - 0x00007fffa7759000 	C:\WINDOWS\System32\CRYPT32.dll
0x00007fffa7510000 - 0x00007fffa7522000 	C:\WINDOWS\System32\MSASN1.dll
0x00007fffa6540000 - 0x00007fffa6571000 	C:\WINDOWS\SYSTEM32\ntmarta.dll

VM Arguments:
jvm_args: -Xmx1536m -Dfile.encoding=windows-1255 -Duser.country=IL -Duser.language=iw -Duser.variant 
java_command: org.gradle.launcher.daemon.bootstrap.GradleDaemon 5.6.4
java_class_path (initial): C:\Users\owner\.gradle\wrapper\dists\gradle-5.6.4-all\ankdp27end7byghfw1q2sw75f\gradle-5.6.4\lib\gradle-launcher-5.6.4.jar
Launcher Type: SUN_STANDARD

Environment Variables:
PATH=C:\Program Files (x86)\Common Files\Oracle\Java\javapath;C:\Program Files\ImageMagick-7.0.7-Q16;C:\ProgramData\Oracle\Java\javapath;C:\Program Files (x86)\Intel\iCLS Client\;C:\Program Files\Intel\iCLS Client\;C:\Program Files (x86)\NVIDIA Corporation\PhysX\Common;C:\WINDOWS\system32;C:\WINDOWS;C:\WINDOWS\System32\Wbem;C:\WINDOWS\System32\WindowsPowerShell\v1.0\;C:\Program Files (x86)\Intel\OpenCL SDK\2.0\bin\x86;C:\Program Files (x86)\Intel\OpenCL SDK\2.0\bin\x64;C:\Program Files\Intel\Intel(R) Management Engine Components\DAL;C:\Program Files\Intel\Intel(R) Management Engine Components\IPT;C:\Program Files (x86)\Intel\Intel(R) Management Engine Components\DAL;C:\Program Files (x86)\Intel\Intel(R) Management Engine Components\IPT;C:\Program Files (x86)\QuickTime\QTSystem\;C:\Program Files\Microsoft SQL Server\110\Tools\Binn\;C:\WINDOWS\System32\OpenSSH\;C:\Program Files\dotnet\;C:\Program Files\Git\cmd;C:\Program Files\Microsoft SQL Server\130\Tools\Binn\;C:\Program Files\Microsoft SQL Server\Client SDK\ODBC\170\Tools\Binn\;C:\Program Files\nodejs\;C:\Users\owner\AppData\Local\Microsoft\WindowsApps;C:\Users\owner\AppData\Local\Microsoft\WindowsApps;C:\Users\owner\AppData\Local\Programs\Microsoft VS Code\bin;C:\Users\owner\AppData\Roaming\npm
USERNAME=owner
OS=Windows_NT
PROCESSOR_IDENTIFIER=Intel64 Family 6 Model 60 Stepping 3, GenuineIntel



---------------  S Y S T E M  ---------------

OS: Windows 10.0 , 64 bit Build 18362 (10.0.18362.778)

CPU:total 8 (initial active 8) (4 cores per cpu, 2 threads per core) family 6 model 60 stepping 3, cmov, cx8, fxsr, mmx, sse, sse2, sse3, ssse3, sse4.1, sse4.2, popcnt, avx, avx2, aes, clmul, erms, lzcnt, ht, tsc, tscinvbit, bmi1, bmi2

Memory: 4k page, physical 16716752k(3869764k free), swap 19788752k(5640k free)

vm_info: OpenJDK 64-Bit Server VM (25.212-b04) for windows-amd64 JRE (1.8.0_212-release-1586-b04), built by "builder" with MS VC++ 10.0 (VS2010)

time: Wed May 13 17:26:18 2020
timezone: שעון קיץ ירושלים
elapsed time: 64 seconds (0d 0h 1m 4s)

